1.333333333333333259e+00
1.333333333333333259e+00
1.333333333333333259e+00
1.333333333333333259e+00
1.333333333333333259e+00
1.333333333333333259e+00
1.333333333333333259e+00
1.333333333333333259e+00
1.333333333333333259e+00
1.333333333333333259e+00
1.333333333333333259e+00
1.333333333333333259e+00
1.333333333333333259e+00
1.333333333333333259e+00
1.333333333333333259e+00
1.333333333333333259e+00
1.333333333333333259e+00
1.333333333333333259e+00
1.333333333333333259e+00
1.333333333333333259e+00
