3.200000000000000000e+01
3.866666666666666430e+01
4.000000000000000000e+00
2.666666666666666519e+00
5.333333333333333037e+00
3.866666666666666430e+01
3.600000000000000000e+01
3.333333333333333570e+01
3.466666666666666430e+01
6.666666666666666963e+00
4.000000000000000000e+01
8.000000000000000000e+00
5.333333333333333037e+00
4.000000000000000000e+01
3.333333333333333570e+01
3.466666666666666430e+01
3.466666666666666430e+01
3.600000000000000000e+01
3.600000000000000000e+01
3.200000000000000000e+01
